{"D:\\RapiPay projects\\Practice\\jobSearchApp\\mongoQuery\\mongoQuery.js": {"path":"D:\\RapiPay projects\\Practice\\jobSearchApp\\mongoQuery\\mongoQuery.js","statementMap":{"0":{"start":{"line":1,"column":16},"end":{"line":1,"column":47}},"1":{"start":{"line":3,"column":0},"end":{"line":11,"column":2}},"2":{"start":{"line":4,"column":10},"end":{"line":4,"column":31}},"3":{"start":{"line":5,"column":1},"end":{"line":10,"column":2}},"4":{"start":{"line":6,"column":13},"end":{"line":6,"column":74}},"5":{"start":{"line":7,"column":2},"end":{"line":7,"column":53}},"6":{"start":{"line":9,"column":2},"end":{"line":9,"column":82}},"7":{"start":{"line":13,"column":0},"end":{"line":21,"column":2}},"8":{"start":{"line":14,"column":10},"end":{"line":14,"column":31}},"9":{"start":{"line":15,"column":1},"end":{"line":20,"column":2}},"10":{"start":{"line":16,"column":13},"end":{"line":16,"column":70}},"11":{"start":{"line":17,"column":2},"end":{"line":17,"column":81}},"12":{"start":{"line":19,"column":2},"end":{"line":19,"column":82}},"13":{"start":{"line":23,"column":0},"end":{"line":31,"column":2}},"14":{"start":{"line":24,"column":10},"end":{"line":24,"column":31}},"15":{"start":{"line":25,"column":1},"end":{"line":30,"column":2}},"16":{"start":{"line":26,"column":13},"end":{"line":26,"column":109}},"17":{"start":{"line":27,"column":2},"end":{"line":27,"column":81}},"18":{"start":{"line":29,"column":2},"end":{"line":29,"column":82}},"19":{"start":{"line":33,"column":0},"end":{"line":41,"column":2}},"20":{"start":{"line":34,"column":10},"end":{"line":34,"column":31}},"21":{"start":{"line":35,"column":1},"end":{"line":40,"column":2}},"22":{"start":{"line":36,"column":13},"end":{"line":36,"column":81}},"23":{"start":{"line":37,"column":2},"end":{"line":37,"column":81}},"24":{"start":{"line":39,"column":2},"end":{"line":39,"column":82}}},"fnMap":{"0":{"name":"(anonymous_0)","decl":{"start":{"line":3,"column":20},"end":{"line":3,"column":21}},"loc":{"start":{"line":3,"column":62},"end":{"line":11,"column":1}},"line":3},"1":{"name":"(anonymous_1)","decl":{"start":{"line":13,"column":22},"end":{"line":13,"column":23}},"loc":{"start":{"line":13,"column":65},"end":{"line":21,"column":1}},"line":13},"2":{"name":"(anonymous_2)","decl":{"start":{"line":23,"column":22},"end":{"line":23,"column":23}},"loc":{"start":{"line":23,"column":81},"end":{"line":31,"column":1}},"line":23},"3":{"name":"(anonymous_3)","decl":{"start":{"line":33,"column":22},"end":{"line":33,"column":23}},"loc":{"start":{"line":33,"column":65},"end":{"line":41,"column":1}},"line":33}},"branchMap":{"0":{"loc":{"start":{"line":3,"column":43},"end":{"line":3,"column":57}},"type":"default-arg","locations":[{"start":{"line":3,"column":55},"end":{"line":3,"column":57}}],"line":3},"1":{"loc":{"start":{"line":13,"column":45},"end":{"line":13,"column":60}},"type":"default-arg","locations":[{"start":{"line":13,"column":58},"end":{"line":13,"column":60}}],"line":13},"2":{"loc":{"start":{"line":23,"column":45},"end":{"line":23,"column":59}},"type":"default-arg","locations":[{"start":{"line":23,"column":57},"end":{"line":23,"column":59}}],"line":23},"3":{"loc":{"start":{"line":23,"column":61},"end":{"line":23,"column":76}},"type":"default-arg","locations":[{"start":{"line":23,"column":74},"end":{"line":23,"column":76}}],"line":23},"4":{"loc":{"start":{"line":33,"column":45},"end":{"line":33,"column":60}},"type":"default-arg","locations":[{"start":{"line":33,"column":58},"end":{"line":33,"column":60}}],"line":33}},"s":{"0":1,"1":1,"2":0,"3":0,"4":0,"5":0,"6":0,"7":1,"8":0,"9":0,"10":0,"11":0,"12":0,"13":1,"14":0,"15":0,"16":0,"17":0,"18":0,"19":1,"20":0,"21":0,"22":0,"23":0,"24":0},"f":{"0":0,"1":0,"2":0,"3":0},"b":{"0":[0],"1":[0],"2":[0],"3":[0],"4":[0]},"_coverageSchema":"1a1c01bbd47fc00a2c39e90264f33305004495a9","hash":"45bcd7c380bb0141d158a16d344f8737192c3696"}
,"D:\\RapiPay projects\\Practice\\jobSearchApp\\src\\login\\controller.js": {"path":"D:\\RapiPay projects\\Practice\\jobSearchApp\\src\\login\\controller.js","statementMap":{"0":{"start":{"line":1,"column":19},"end":{"line":1,"column":57}},"1":{"start":{"line":2,"column":16},"end":{"line":2,"column":50}},"2":{"start":{"line":3,"column":25},"end":{"line":3,"column":43}},"3":{"start":{"line":5,"column":0},"end":{"line":17,"column":2}},"4":{"start":{"line":6,"column":4},"end":{"line":16,"column":5}},"5":{"start":{"line":7,"column":17},"end":{"line":7,"column":38}},"6":{"start":{"line":8,"column":8},"end":{"line":8,"column":37}},"7":{"start":{"line":10,"column":8},"end":{"line":10,"column":27}},"8":{"start":{"line":11,"column":19},"end":{"line":11,"column":74}},"9":{"start":{"line":12,"column":8},"end":{"line":12,"column":25}},"10":{"start":{"line":13,"column":8},"end":{"line":13,"column":118}},"11":{"start":{"line":15,"column":8},"end":{"line":15,"column":24}},"12":{"start":{"line":19,"column":0},"end":{"line":29,"column":2}},"13":{"start":{"line":20,"column":4},"end":{"line":28,"column":5}},"14":{"start":{"line":21,"column":17},"end":{"line":21,"column":38}},"15":{"start":{"line":22,"column":8},"end":{"line":22,"column":37}},"16":{"start":{"line":24,"column":19},"end":{"line":24,"column":105}},"17":{"start":{"line":25,"column":8},"end":{"line":25,"column":96}},"18":{"start":{"line":27,"column":8},"end":{"line":27,"column":24}},"19":{"start":{"line":31,"column":0},"end":{"line":42,"column":2}},"20":{"start":{"line":32,"column":4},"end":{"line":41,"column":5}},"21":{"start":{"line":33,"column":17},"end":{"line":33,"column":38}},"22":{"start":{"line":34,"column":8},"end":{"line":34,"column":37}},"23":{"start":{"line":36,"column":19},"end":{"line":36,"column":166}},"24":{"start":{"line":37,"column":24},"end":{"line":37,"column":113}},"25":{"start":{"line":38,"column":8},"end":{"line":38,"column":37}},"26":{"start":{"line":40,"column":8},"end":{"line":40,"column":24}},"27":{"start":{"line":44,"column":0},"end":{"line":54,"column":2}},"28":{"start":{"line":45,"column":4},"end":{"line":53,"column":5}},"29":{"start":{"line":46,"column":17},"end":{"line":46,"column":38}},"30":{"start":{"line":47,"column":8},"end":{"line":47,"column":37}},"31":{"start":{"line":49,"column":19},"end":{"line":49,"column":96}},"32":{"start":{"line":50,"column":8},"end":{"line":50,"column":115}},"33":{"start":{"line":52,"column":8},"end":{"line":52,"column":24}}},"fnMap":{"0":{"name":"(anonymous_0)","decl":{"start":{"line":5,"column":17},"end":{"line":5,"column":18}},"loc":{"start":{"line":5,"column":37},"end":{"line":17,"column":1}},"line":5},"1":{"name":"(anonymous_1)","decl":{"start":{"line":19,"column":15},"end":{"line":19,"column":16}},"loc":{"start":{"line":19,"column":35},"end":{"line":29,"column":1}},"line":19},"2":{"name":"(anonymous_2)","decl":{"start":{"line":31,"column":17},"end":{"line":31,"column":18}},"loc":{"start":{"line":31,"column":37},"end":{"line":42,"column":1}},"line":31},"3":{"name":"(anonymous_3)","decl":{"start":{"line":44,"column":17},"end":{"line":44,"column":18}},"loc":{"start":{"line":44,"column":37},"end":{"line":54,"column":1}},"line":44}},"branchMap":{},"s":{"0":1,"1":1,"2":1,"3":1,"4":1,"5":1,"6":1,"7":1,"8":1,"9":1,"10":1,"11":0,"12":1,"13":1,"14":1,"15":1,"16":1,"17":0,"18":1,"19":1,"20":1,"21":1,"22":1,"23":1,"24":0,"25":0,"26":1,"27":1,"28":1,"29":1,"30":1,"31":1,"32":0,"33":1},"f":{"0":1,"1":1,"2":1,"3":1},"b":{},"_coverageSchema":"1a1c01bbd47fc00a2c39e90264f33305004495a9","hash":"4b4f2cfa68972e942e61c198ee9a0d67666aa331"}
}
